[error] Failed to fetch Firebase Project from Studio Workspace because WORKSPACE_SLUG environment variable is empty
[error] Failed to fetch Firebase Project from Studio Workspace because WORKSPACE_SLUG environment variable is empty
[error] Failed to fetch Firebase Project from Studio Workspace because WORKSPACE_SLUG environment variable is empty
[error] Failed to fetch Firebase Project from Studio Workspace because WORKSPACE_SLUG environment variable is empty
[debug] [2026-02-03T05:45:21.596Z] > command requires scopes: ["email","openid","https://www.googleapis.com/auth/cloudplatformprojects.readonly","https://www.googleapis.com/auth/firebase","https://www.googleapis.com/auth/cloud-platform","https://www.googleapis.com/auth/userinfo.email"]
[debug] [2026-02-03T05:45:21.598Z] > command requires scopes: ["email","openid","https://www.googleapis.com/auth/cloudplatformprojects.readonly","https://www.googleapis.com/auth/firebase","https://www.googleapis.com/auth/cloud-platform","https://www.googleapis.com/auth/userinfo.email"]
[debug] [2026-02-03T05:45:32.269Z] Running auto auth
[debug] [2026-02-03T05:45:32.270Z] Running auto auth
[error] Failed to fetch Firebase Project from Studio Workspace because WORKSPACE_SLUG environment variable is empty
[error] Failed to fetch Firebase Project from Studio Workspace because WORKSPACE_SLUG environment variable is empty
[error] Failed to fetch Firebase Project from Studio Workspace because WORKSPACE_SLUG environment variable is empty
[debug] [2026-02-03T05:45:32.340Z] > command requires scopes: ["email","openid","https://www.googleapis.com/auth/cloudplatformprojects.readonly","https://www.googleapis.com/auth/firebase","https://www.googleapis.com/auth/cloud-platform","https://www.googleapis.com/auth/userinfo.email"]
[debug] [2026-02-03T05:45:32.341Z] > authorizing via signed-in user (pomi19811229@gmail.com)
[error] Failed to fetch Firebase Project from Studio Workspace because WORKSPACE_SLUG environment variable is empty
[debug] [2026-02-03T05:45:32.342Z] > command requires scopes: ["email","openid","https://www.googleapis.com/auth/cloudplatformprojects.readonly","https://www.googleapis.com/auth/firebase","https://www.googleapis.com/auth/cloud-platform","https://www.googleapis.com/auth/userinfo.email"]
[debug] [2026-02-03T05:45:32.343Z] > authorizing via signed-in user (pomi19811229@gmail.com)
[error] Failed to fetch Firebase Project from Studio Workspace because WORKSPACE_SLUG environment variable is empty
[error] Failed to fetch Firebase Project from Studio Workspace because WORKSPACE_SLUG environment variable is empty
[error] Failed to fetch Firebase Project from Studio Workspace because WORKSPACE_SLUG environment variable is empty
[debug] [2026-02-03T05:45:32.367Z] > command requires scopes: ["email","openid","https://www.googleapis.com/auth/cloudplatformprojects.readonly","https://www.googleapis.com/auth/firebase","https://www.googleapis.com/auth/cloud-platform","https://www.googleapis.com/auth/userinfo.email"]
[debug] [2026-02-03T05:45:32.367Z] > authorizing via signed-in user (pomi19811229@gmail.com)
[error] Failed to fetch Firebase Project from Studio Workspace because WORKSPACE_SLUG environment variable is empty
[debug] [2026-02-03T05:45:32.369Z] > command requires scopes: ["email","openid","https://www.googleapis.com/auth/cloudplatformprojects.readonly","https://www.googleapis.com/auth/firebase","https://www.googleapis.com/auth/cloud-platform","https://www.googleapis.com/auth/userinfo.email"]
[debug] [2026-02-03T05:45:32.369Z] > authorizing via signed-in user (pomi19811229@gmail.com)
[error] Failed to fetch Firebase Project from Studio Workspace because WORKSPACE_SLUG environment variable is empty
[error] Failed to fetch Firebase Project from Studio Workspace because WORKSPACE_SLUG environment variable is empty
[error] Failed to fetch Firebase Project from Studio Workspace because WORKSPACE_SLUG environment variable is empty
[debug] [2026-02-03T05:45:32.375Z] > command requires scopes: ["email","openid","https://www.googleapis.com/auth/cloudplatformprojects.readonly","https://www.googleapis.com/auth/firebase","https://www.googleapis.com/auth/cloud-platform","https://www.googleapis.com/auth/userinfo.email"]
[debug] [2026-02-03T05:45:32.375Z] > authorizing via signed-in user (pomi19811229@gmail.com)
[error] Failed to fetch Firebase Project from Studio Workspace because WORKSPACE_SLUG environment variable is empty
[debug] [2026-02-03T05:45:32.377Z] > command requires scopes: ["email","openid","https://www.googleapis.com/auth/cloudplatformprojects.readonly","https://www.googleapis.com/auth/firebase","https://www.googleapis.com/auth/cloud-platform","https://www.googleapis.com/auth/userinfo.email"]
[debug] [2026-02-03T05:45:32.377Z] > authorizing via signed-in user (pomi19811229@gmail.com)
[error] Failed to fetch Firebase Project from Studio Workspace because WORKSPACE_SLUG environment variable is empty
[error] Failed to fetch Firebase Project from Studio Workspace because WORKSPACE_SLUG environment variable is empty
[error] Failed to fetch Firebase Project from Studio Workspace because WORKSPACE_SLUG environment variable is empty
[debug] [2026-02-03T05:56:07.248Z] > command requires scopes: ["email","openid","https://www.googleapis.com/auth/cloudplatformprojects.readonly","https://www.googleapis.com/auth/firebase","https://www.googleapis.com/auth/cloud-platform","https://www.googleapis.com/auth/userinfo.email"]
[debug] [2026-02-03T05:56:07.248Z] > authorizing via signed-in user (pomi19811229@gmail.com)
[error] Failed to fetch Firebase Project from Studio Workspace because WORKSPACE_SLUG environment variable is empty
[debug] [2026-02-03T05:56:07.250Z] > command requires scopes: ["email","openid","https://www.googleapis.com/auth/cloudplatformprojects.readonly","https://www.googleapis.com/auth/firebase","https://www.googleapis.com/auth/cloud-platform","https://www.googleapis.com/auth/userinfo.email"]
[debug] [2026-02-03T05:56:07.250Z] > authorizing via signed-in user (pomi19811229@gmail.com)
[error] Failed to fetch Firebase Project from Studio Workspace because WORKSPACE_SLUG environment variable is empty
[error] Failed to fetch Firebase Project from Studio Workspace because WORKSPACE_SLUG environment variable is empty
[error] Failed to fetch Firebase Project from Studio Workspace because WORKSPACE_SLUG environment variable is empty
[debug] [2026-02-03T05:56:07.270Z] > command requires scopes: ["email","openid","https://www.googleapis.com/auth/cloudplatformprojects.readonly","https://www.googleapis.com/auth/firebase","https://www.googleapis.com/auth/cloud-platform","https://www.googleapis.com/auth/userinfo.email"]
[debug] [2026-02-03T05:56:07.270Z] > authorizing via signed-in user (pomi19811229@gmail.com)
[error] Failed to fetch Firebase Project from Studio Workspace because WORKSPACE_SLUG environment variable is empty
[debug] [2026-02-03T05:56:07.273Z] > command requires scopes: ["email","openid","https://www.googleapis.com/auth/cloudplatformprojects.readonly","https://www.googleapis.com/auth/firebase","https://www.googleapis.com/auth/cloud-platform","https://www.googleapis.com/auth/userinfo.email"]
[debug] [2026-02-03T05:56:07.273Z] > authorizing via signed-in user (pomi19811229@gmail.com)
[error] Failed to fetch Firebase Project from Studio Workspace because WORKSPACE_SLUG environment variable is empty
[error] Failed to fetch Firebase Project from Studio Workspace because WORKSPACE_SLUG environment variable is empty
[error] Failed to fetch Firebase Project from Studio Workspace because WORKSPACE_SLUG environment variable is empty
[debug] [2026-02-03T05:56:07.281Z] > command requires scopes: ["email","openid","https://www.googleapis.com/auth/cloudplatformprojects.readonly","https://www.googleapis.com/auth/firebase","https://www.googleapis.com/auth/cloud-platform","https://www.googleapis.com/auth/userinfo.email"]
[debug] [2026-02-03T05:56:07.281Z] > authorizing via signed-in user (pomi19811229@gmail.com)
[error] Failed to fetch Firebase Project from Studio Workspace because WORKSPACE_SLUG environment variable is empty
[debug] [2026-02-03T05:56:07.282Z] > command requires scopes: ["email","openid","https://www.googleapis.com/auth/cloudplatformprojects.readonly","https://www.googleapis.com/auth/firebase","https://www.googleapis.com/auth/cloud-platform","https://www.googleapis.com/auth/userinfo.email"]
[debug] [2026-02-03T05:56:07.282Z] > authorizing via signed-in user (pomi19811229@gmail.com)
[error] Failed to fetch Firebase Project from Studio Workspace because WORKSPACE_SLUG environment variable is empty
[error] Failed to fetch Firebase Project from Studio Workspace because WORKSPACE_SLUG environment variable is empty
[debug] [2026-02-03T05:56:21.751Z] > command requires scopes: ["email","openid","https://www.googleapis.com/auth/cloudplatformprojects.readonly","https://www.googleapis.com/auth/firebase","https://www.googleapis.com/auth/cloud-platform","https://www.googleapis.com/auth/userinfo.email"]
[debug] [2026-02-03T05:56:21.751Z] > authorizing via signed-in user (pomi19811229@gmail.com)
[error] Failed to fetch Firebase Project from Studio Workspace because WORKSPACE_SLUG environment variable is empty
[error] Failed to fetch Firebase Project from Studio Workspace because WORKSPACE_SLUG environment variable is empty
[debug] [2026-02-03T05:56:21.753Z] > command requires scopes: ["email","openid","https://www.googleapis.com/auth/cloudplatformprojects.readonly","https://www.googleapis.com/auth/firebase","https://www.googleapis.com/auth/cloud-platform","https://www.googleapis.com/auth/userinfo.email"]
[debug] [2026-02-03T05:56:21.754Z] > authorizing via signed-in user (pomi19811229@gmail.com)
[info] 
=== Firestore Setup Actuation
[info] ✔  Wrote firestore.rules 
[info] ✔  Wrote firestore.indexes.json 
[info] 
=== Hosting Setup Actuation
[debug] [2026-02-03T05:56:21.766Z] >>> [apiv2][query] GET https://www.gstatic.com/firebasejs/releases.json [none]
[debug] [2026-02-03T05:56:21.831Z] <<< [apiv2][status] GET https://www.gstatic.com/firebasejs/releases.json 200
[debug] [2026-02-03T05:56:21.832Z] <<< [apiv2][body] GET https://www.gstatic.com/firebasejs/releases.json {"current":{"version":"12.8.0","browserURL":"https://www.gstatic.com/firebasejs/12.8.0/firebase.js","packageURL":"https://www.gstatic.com/firebasejs/12.8.0/firebase.tgz"},"live":{"version":"12.8","browserURL":"https://www.gstatic.com/firebasejs/live/12.8/firebase.js","packageURL":"https://www.gstatic.com/firebasejs/live/12.8/firebase.tgz"},"components":{"ai":"https://www.gstatic.com/firebasejs/12.8.0/firebase-ai.js","analytics":"https://www.gstatic.com/firebasejs/12.8.0/firebase-analytics.js","app":"https://www.gstatic.com/firebasejs/12.8.0/firebase-app.js","app-check":"https://www.gstatic.com/firebasejs/12.8.0/firebase-app-check.js","auth":"https://www.gstatic.com/firebasejs/12.8.0/firebase-auth.js","auth/cordova":"https://www.gstatic.com/firebasejs/12.8.0/firebase-auth/cordova.js","auth/web-extension":"https://www.gstatic.com/firebasejs/12.8.0/firebase-auth/web-extension.js","functions":"https://www.gstatic.com/firebasejs/12.8.0/firebase-functions.js","firestore":"https://www.gstatic.com/firebasejs/12.8.0/firebase-firestore.js","firestore/lite":"https://www.gstatic.com/firebasejs/12.8.0/firebase-firestore/lite.js","firestore/pipelines":"https://www.gstatic.com/firebasejs/12.8.0/firebase-firestore/pipelines.js","firestore/lite/pipelines":"https://www.gstatic.com/firebasejs/12.8.0/firebase-firestore/lite/pipelines.js","installations":"https://www.gstatic.com/firebasejs/12.8.0/firebase-installations.js","storage":"https://www.gstatic.com/firebasejs/12.8.0/firebase-storage.js","performance":"https://www.gstatic.com/firebasejs/12.8.0/firebase-performance.js","remote-config":"https://www.gstatic.com/firebasejs/12.8.0/firebase-remote-config.js","messaging":"https://www.gstatic.com/firebasejs/12.8.0/firebase-messaging.js","messaging/sw":"https://www.gstatic.com/firebasejs/12.8.0/firebase-messaging/sw.js","database":"https://www.gstatic.com/firebasejs/12.8.0/firebase-database.js","data-connect":"https://www.gstatic.com/firebasejs/12.8.0/firebase-data-connect.js","firestore.memory":"https://www.gstatic.com/firebasejs/12.8.0/firebase-firestore.memory.js"}}
[info] ✔  Wrote dist/index.html 
[info] ✔  Wrote configuration info to firebase.json 
[info] ✔  Wrote project information to .firebaserc 
[error] Failed to fetch Firebase Project from Studio Workspace because WORKSPACE_SLUG environment variable is empty
[error] Failed to fetch Firebase Project from Studio Workspace because WORKSPACE_SLUG environment variable is empty
[debug] [2026-02-03T05:56:32.872Z] > command requires scopes: ["email","openid","https://www.googleapis.com/auth/cloudplatformprojects.readonly","https://www.googleapis.com/auth/firebase","https://www.googleapis.com/auth/cloud-platform","https://www.googleapis.com/auth/userinfo.email"]
[debug] [2026-02-03T05:56:32.872Z] > authorizing via signed-in user (pomi19811229@gmail.com)
[error] Failed to fetch Firebase Project from Studio Workspace because WORKSPACE_SLUG environment variable is empty
[error] Failed to fetch Firebase Project from Studio Workspace because WORKSPACE_SLUG environment variable is empty
[debug] [2026-02-03T05:56:32.878Z] > command requires scopes: ["email","openid","https://www.googleapis.com/auth/cloudplatformprojects.readonly","https://www.googleapis.com/auth/firebase","https://www.googleapis.com/auth/cloud-platform","https://www.googleapis.com/auth/userinfo.email"]
[debug] [2026-02-03T05:56:32.878Z] > authorizing via signed-in user (pomi19811229@gmail.com)
[debug] [2026-02-03T05:56:32.880Z] No OAuth tokens found
[debug] [2026-02-03T05:56:32.883Z] >>> [apiv2][query] GET https://firebase.googleapis.com/v1beta1/projects pageSize=1000
[debug] [2026-02-03T05:56:33.314Z] <<< [apiv2][status] GET https://firebase.googleapis.com/v1beta1/projects 200
[debug] [2026-02-03T05:56:33.315Z] <<< [apiv2][body] GET https://firebase.googleapis.com/v1beta1/projects [omitted]
[error] Failed to fetch Firebase Project from Studio Workspace because WORKSPACE_SLUG environment variable is empty
[error] Failed to fetch Firebase Project from Studio Workspace because WORKSPACE_SLUG environment variable is empty
[debug] [2026-02-03T05:58:09.017Z] > command requires scopes: ["email","openid","https://www.googleapis.com/auth/cloudplatformprojects.readonly","https://www.googleapis.com/auth/firebase","https://www.googleapis.com/auth/cloud-platform","https://www.googleapis.com/auth/userinfo.email"]
[debug] [2026-02-03T05:58:09.022Z] > authorizing via signed-in user (pomi19811229@gmail.com)
[error] Failed to fetch Firebase Project from Studio Workspace because WORKSPACE_SLUG environment variable is empty
[error] Failed to fetch Firebase Project from Studio Workspace because WORKSPACE_SLUG environment variable is empty
[debug] [2026-02-03T05:58:09.034Z] > command requires scopes: ["email","openid","https://www.googleapis.com/auth/cloudplatformprojects.readonly","https://www.googleapis.com/auth/firebase","https://www.googleapis.com/auth/cloud-platform","https://www.googleapis.com/auth/userinfo.email"]
[debug] [2026-02-03T05:58:09.034Z] > authorizing via signed-in user (pomi19811229@gmail.com)
[debug] [2026-02-03T05:58:09.036Z] No OAuth tokens found
[debug] [2026-02-03T05:58:09.036Z] >>> [apiv2][query] GET https://serviceusage.googleapis.com/v1/projects/keisungsw/services/cloudresourcemanager.googleapis.com [none]
[debug] [2026-02-03T05:58:09.036Z] >>> [apiv2][(partial)header] GET https://serviceusage.googleapis.com/v1/projects/keisungsw/services/cloudresourcemanager.googleapis.com  x-goog-user-project=keisungsw
[debug] [2026-02-03T05:58:10.096Z] <<< [apiv2][status] GET https://serviceusage.googleapis.com/v1/projects/keisungsw/services/cloudresourcemanager.googleapis.com 200
[debug] [2026-02-03T05:58:10.097Z] <<< [apiv2][body] GET https://serviceusage.googleapis.com/v1/projects/keisungsw/services/cloudresourcemanager.googleapis.com [omitted]
[debug] [2026-02-03T05:58:10.107Z] No OAuth tokens found
[debug] [2026-02-03T05:58:10.108Z] >>> [apiv2][query] GET https://cloudresourcemanager.googleapis.com/v1/projects/keisungsw [none]
[debug] [2026-02-03T05:58:10.917Z] <<< [apiv2][status] GET https://cloudresourcemanager.googleapis.com/v1/projects/keisungsw 200
[debug] [2026-02-03T05:58:10.918Z] <<< [apiv2][body] GET https://cloudresourcemanager.googleapis.com/v1/projects/keisungsw {"projectNumber":"558624652514","projectId":"keisungsw","lifecycleState":"ACTIVE","name":"keisungsw","labels":{"firebase":"enabled","firebase-core":"disabled"},"createTime":"2025-12-24T03:10:33.332874Z"}
[info] Updating Studio Workspace active project to match Firebase CLI 'keisungsw'
[error] Failed to update Firebase Project for Studio Workspace because WORKSPACE_SLUG environment variable is empty
[info] Now using project keisungsw
[error] Failed to fetch Firebase Project from Studio Workspace because WORKSPACE_SLUG environment variable is empty
[error] Failed to fetch Firebase Project from Studio Workspace because WORKSPACE_SLUG environment variable is empty
[debug] [2026-02-03T05:59:24.898Z] > command requires scopes: ["email","openid","https://www.googleapis.com/auth/cloudplatformprojects.readonly","https://www.googleapis.com/auth/firebase","https://www.googleapis.com/auth/cloud-platform","https://www.googleapis.com/auth/userinfo.email"]
[debug] [2026-02-03T05:59:24.898Z] > authorizing via signed-in user (pomi19811229@gmail.com)
[debug] [2026-02-03T05:59:24.900Z] No OAuth tokens found
[debug] [2026-02-03T05:59:24.901Z] >>> [apiv2][query] GET https://cloudbilling.googleapis.com/v1/projects/keisungsw/billingInfo [none]
[debug] [2026-02-03T05:59:25.151Z] <<< [apiv2][status] GET https://cloudbilling.googleapis.com/v1/projects/keisungsw/billingInfo 200
[debug] [2026-02-03T05:59:25.151Z] <<< [apiv2][body] GET https://cloudbilling.googleapis.com/v1/projects/keisungsw/billingInfo {"name":"projects/keisungsw/billingInfo","projectId":"keisungsw","billingAccountName":"","billingEnabled":false}
[error] Failed to fetch Firebase Project from Studio Workspace because WORKSPACE_SLUG environment variable is empty
[error] Failed to fetch Firebase Project from Studio Workspace because WORKSPACE_SLUG environment variable is empty
[debug] [2026-02-03T05:59:25.157Z] > command requires scopes: ["email","openid","https://www.googleapis.com/auth/cloudplatformprojects.readonly","https://www.googleapis.com/auth/firebase","https://www.googleapis.com/auth/cloud-platform","https://www.googleapis.com/auth/userinfo.email"]
[debug] [2026-02-03T05:59:25.157Z] > authorizing via signed-in user (pomi19811229@gmail.com)
[debug] [2026-02-03T05:59:25.157Z] No OAuth tokens found
[debug] [2026-02-03T05:59:25.158Z] >>> [apiv2][query] GET https://cloudbilling.googleapis.com/v1/projects/keisungsw/billingInfo [none]
[debug] [2026-02-03T05:59:25.382Z] <<< [apiv2][status] GET https://cloudbilling.googleapis.com/v1/projects/keisungsw/billingInfo 200
[debug] [2026-02-03T05:59:25.382Z] <<< [apiv2][body] GET https://cloudbilling.googleapis.com/v1/projects/keisungsw/billingInfo {"name":"projects/keisungsw/billingInfo","projectId":"keisungsw","billingAccountName":"","billingEnabled":false}
[debug] [2026-02-03T05:59:25.386Z] No OAuth tokens found
[debug] [2026-02-03T05:59:25.387Z] >>> [apiv2][query] GET https://firebase.googleapis.com/v1beta1/projects/keisungsw/webApps pageSize=100
[debug] [2026-02-03T05:59:25.702Z] <<< [apiv2][status] GET https://firebase.googleapis.com/v1beta1/projects/keisungsw/webApps 200
[debug] [2026-02-03T05:59:25.702Z] <<< [apiv2][body] GET https://firebase.googleapis.com/v1beta1/projects/keisungsw/webApps {}
[error] Failed to fetch Firebase Project from Studio Workspace because WORKSPACE_SLUG environment variable is empty
[error] Failed to fetch Firebase Project from Studio Workspace because WORKSPACE_SLUG environment variable is empty
[debug] [2026-02-03T05:59:31.048Z] > command requires scopes: ["email","openid","https://www.googleapis.com/auth/cloudplatformprojects.readonly","https://www.googleapis.com/auth/firebase","https://www.googleapis.com/auth/cloud-platform","https://www.googleapis.com/auth/userinfo.email"]
[debug] [2026-02-03T05:59:31.049Z] > authorizing via signed-in user (pomi19811229@gmail.com)
[debug] [2026-02-03T05:59:31.049Z] No OAuth tokens found
[debug] [2026-02-03T05:59:31.049Z] >>> [apiv2][query] GET https://cloudbilling.googleapis.com/v1/projects/keisungsw/billingInfo [none]
[debug] [2026-02-03T05:59:32.143Z] <<< [apiv2][status] GET https://cloudbilling.googleapis.com/v1/projects/keisungsw/billingInfo 200
[debug] [2026-02-03T05:59:32.144Z] <<< [apiv2][body] GET https://cloudbilling.googleapis.com/v1/projects/keisungsw/billingInfo {"name":"projects/keisungsw/billingInfo","projectId":"keisungsw","billingAccountName":"","billingEnabled":false}
[error] Failed to fetch Firebase Project from Studio Workspace because WORKSPACE_SLUG environment variable is empty
[error] Failed to fetch Firebase Project from Studio Workspace because WORKSPACE_SLUG environment variable is empty
[debug] [2026-02-03T05:59:32.146Z] > command requires scopes: ["email","openid","https://www.googleapis.com/auth/cloudplatformprojects.readonly","https://www.googleapis.com/auth/firebase","https://www.googleapis.com/auth/cloud-platform","https://www.googleapis.com/auth/userinfo.email"]
[debug] [2026-02-03T05:59:32.147Z] > authorizing via signed-in user (pomi19811229@gmail.com)
[debug] [2026-02-03T05:59:32.147Z] No OAuth tokens found
[debug] [2026-02-03T05:59:32.147Z] >>> [apiv2][query] GET https://cloudbilling.googleapis.com/v1/projects/keisungsw/billingInfo [none]
[debug] [2026-02-03T05:59:32.360Z] <<< [apiv2][status] GET https://cloudbilling.googleapis.com/v1/projects/keisungsw/billingInfo 200
[debug] [2026-02-03T05:59:32.361Z] <<< [apiv2][body] GET https://cloudbilling.googleapis.com/v1/projects/keisungsw/billingInfo {"name":"projects/keisungsw/billingInfo","projectId":"keisungsw","billingAccountName":"","billingEnabled":false}
[debug] [2026-02-03T05:59:32.364Z] No OAuth tokens found
[debug] [2026-02-03T05:59:32.364Z] >>> [apiv2][query] POST https://firebase.googleapis.com/v1beta1/projects/keisungsw/webApps [none]
[debug] [2026-02-03T05:59:32.364Z] >>> [apiv2][body] POST https://firebase.googleapis.com/v1beta1/projects/keisungsw/webApps {"displayName":"qna-site"}
[debug] [2026-02-03T05:59:34.051Z] <<< [apiv2][status] POST https://firebase.googleapis.com/v1beta1/projects/keisungsw/webApps 200
[debug] [2026-02-03T05:59:34.051Z] <<< [apiv2][body] POST https://firebase.googleapis.com/v1beta1/projects/keisungsw/webApps {"name":"operations/workflows/OWU4ZDE1NTEtNDVkNC00YjYzLWJjZmMtNmYyNWY1ZTBmOTE4"}
[debug] [2026-02-03T05:59:34.053Z] No OAuth tokens found
[debug] [2026-02-03T05:59:34.053Z] >>> [apiv2][query] GET https://firebase.googleapis.com/v1beta1/operations/workflows/OWU4ZDE1NTEtNDVkNC00YjYzLWJjZmMtNmYyNWY1ZTBmOTE4 [none]
[debug] [2026-02-03T05:59:34.432Z] <<< [apiv2][status] GET https://firebase.googleapis.com/v1beta1/operations/workflows/OWU4ZDE1NTEtNDVkNC00YjYzLWJjZmMtNmYyNWY1ZTBmOTE4 200
[debug] [2026-02-03T05:59:34.432Z] <<< [apiv2][body] GET https://firebase.googleapis.com/v1beta1/operations/workflows/OWU4ZDE1NTEtNDVkNC00YjYzLWJjZmMtNmYyNWY1ZTBmOTE4 {"name":"operations/workflows/OWU4ZDE1NTEtNDVkNC00YjYzLWJjZmMtNmYyNWY1ZTBmOTE4"}
[debug] [2026-02-03T05:59:34.933Z] [Create Web app Poller] Retrying task index 0
[debug] [2026-02-03T05:59:34.933Z] No OAuth tokens found
[debug] [2026-02-03T05:59:34.934Z] >>> [apiv2][query] GET https://firebase.googleapis.com/v1beta1/operations/workflows/OWU4ZDE1NTEtNDVkNC00YjYzLWJjZmMtNmYyNWY1ZTBmOTE4 [none]
[debug] [2026-02-03T05:59:35.373Z] <<< [apiv2][status] GET https://firebase.googleapis.com/v1beta1/operations/workflows/OWU4ZDE1NTEtNDVkNC00YjYzLWJjZmMtNmYyNWY1ZTBmOTE4 200
[debug] [2026-02-03T05:59:35.373Z] <<< [apiv2][body] GET https://firebase.googleapis.com/v1beta1/operations/workflows/OWU4ZDE1NTEtNDVkNC00YjYzLWJjZmMtNmYyNWY1ZTBmOTE4 {"name":"operations/workflows/OWU4ZDE1NTEtNDVkNC00YjYzLWJjZmMtNmYyNWY1ZTBmOTE4"}
[debug] [2026-02-03T05:59:36.374Z] [Create Web app Poller] Retrying task index 0
[debug] [2026-02-03T05:59:36.376Z] No OAuth tokens found
[debug] [2026-02-03T05:59:36.378Z] >>> [apiv2][query] GET https://firebase.googleapis.com/v1beta1/operations/workflows/OWU4ZDE1NTEtNDVkNC00YjYzLWJjZmMtNmYyNWY1ZTBmOTE4 [none]
[debug] [2026-02-03T05:59:36.825Z] <<< [apiv2][status] GET https://firebase.googleapis.com/v1beta1/operations/workflows/OWU4ZDE1NTEtNDVkNC00YjYzLWJjZmMtNmYyNWY1ZTBmOTE4 200
[debug] [2026-02-03T05:59:36.825Z] <<< [apiv2][body] GET https://firebase.googleapis.com/v1beta1/operations/workflows/OWU4ZDE1NTEtNDVkNC00YjYzLWJjZmMtNmYyNWY1ZTBmOTE4 {"name":"operations/workflows/OWU4ZDE1NTEtNDVkNC00YjYzLWJjZmMtNmYyNWY1ZTBmOTE4"}
[debug] [2026-02-03T05:59:38.826Z] [Create Web app Poller] Retrying task index 0
[debug] [2026-02-03T05:59:38.828Z] No OAuth tokens found
[debug] [2026-02-03T05:59:38.828Z] >>> [apiv2][query] GET https://firebase.googleapis.com/v1beta1/operations/workflows/OWU4ZDE1NTEtNDVkNC00YjYzLWJjZmMtNmYyNWY1ZTBmOTE4 [none]
[debug] [2026-02-03T05:59:39.338Z] <<< [apiv2][status] GET https://firebase.googleapis.com/v1beta1/operations/workflows/OWU4ZDE1NTEtNDVkNC00YjYzLWJjZmMtNmYyNWY1ZTBmOTE4 200
[debug] [2026-02-03T05:59:39.339Z] <<< [apiv2][body] GET https://firebase.googleapis.com/v1beta1/operations/workflows/OWU4ZDE1NTEtNDVkNC00YjYzLWJjZmMtNmYyNWY1ZTBmOTE4 {"name":"operations/workflows/OWU4ZDE1NTEtNDVkNC00YjYzLWJjZmMtNmYyNWY1ZTBmOTE4","done":true,"response":{"@type":"type.googleapis.com/google.firebase.service.v1beta1.WebApp","name":"projects/keisungsw/webApps/1:558624652514:web:ab16c3088bb6c0276bb2bb","appId":"1:558624652514:web:ab16c3088bb6c0276bb2bb","displayName":"qna-site","projectId":"keisungsw","webId":"YTg5YjEzMmMtOTUwMy00ZDkyLThkYTItMDk1ZjkyN2JiY2Rl","apiKeyId":"960c8bda-50f8-4721-a2fa-c7f02b8ece49","state":"ACTIVE","expireTime":"1970-01-01T00:00:00Z","etag":"1_bc77c2b2-9805-450b-aa3b-f7ca2923241e"}}
[error] Failed to fetch Firebase Project from Studio Workspace because WORKSPACE_SLUG environment variable is empty
[error] Failed to fetch Firebase Project from Studio Workspace because WORKSPACE_SLUG environment variable is empty
[debug] [2026-02-03T05:59:44.194Z] > command requires scopes: ["email","openid","https://www.googleapis.com/auth/cloudplatformprojects.readonly","https://www.googleapis.com/auth/firebase","https://www.googleapis.com/auth/cloud-platform","https://www.googleapis.com/auth/userinfo.email"]
[debug] [2026-02-03T05:59:44.194Z] > authorizing via signed-in user (pomi19811229@gmail.com)
[debug] [2026-02-03T05:59:44.194Z] No OAuth tokens found
[debug] [2026-02-03T05:59:44.194Z] >>> [apiv2][query] GET https://cloudbilling.googleapis.com/v1/projects/keisungsw/billingInfo [none]
[debug] [2026-02-03T05:59:44.690Z] <<< [apiv2][status] GET https://cloudbilling.googleapis.com/v1/projects/keisungsw/billingInfo 200
[debug] [2026-02-03T05:59:44.694Z] <<< [apiv2][body] GET https://cloudbilling.googleapis.com/v1/projects/keisungsw/billingInfo {"name":"projects/keisungsw/billingInfo","projectId":"keisungsw","billingAccountName":"","billingEnabled":false}
[error] Failed to fetch Firebase Project from Studio Workspace because WORKSPACE_SLUG environment variable is empty
[error] Failed to fetch Firebase Project from Studio Workspace because WORKSPACE_SLUG environment variable is empty
[debug] [2026-02-03T05:59:44.699Z] > command requires scopes: ["email","openid","https://www.googleapis.com/auth/cloudplatformprojects.readonly","https://www.googleapis.com/auth/firebase","https://www.googleapis.com/auth/cloud-platform","https://www.googleapis.com/auth/userinfo.email"]
[debug] [2026-02-03T05:59:44.699Z] > authorizing via signed-in user (pomi19811229@gmail.com)
[debug] [2026-02-03T05:59:44.699Z] No OAuth tokens found
[debug] [2026-02-03T05:59:44.700Z] >>> [apiv2][query] GET https://cloudbilling.googleapis.com/v1/projects/keisungsw/billingInfo [none]
[debug] [2026-02-03T05:59:44.902Z] <<< [apiv2][status] GET https://cloudbilling.googleapis.com/v1/projects/keisungsw/billingInfo 200
[debug] [2026-02-03T05:59:44.902Z] <<< [apiv2][body] GET https://cloudbilling.googleapis.com/v1/projects/keisungsw/billingInfo {"name":"projects/keisungsw/billingInfo","projectId":"keisungsw","billingAccountName":"","billingEnabled":false}
[debug] [2026-02-03T05:59:44.903Z] No OAuth tokens found
[debug] [2026-02-03T05:59:44.903Z] >>> [apiv2][query] GET https://firebase.googleapis.com/v1beta1/projects/keisungsw/webApps pageSize=100
[debug] [2026-02-03T05:59:45.217Z] <<< [apiv2][status] GET https://firebase.googleapis.com/v1beta1/projects/keisungsw/webApps 200
[debug] [2026-02-03T05:59:45.217Z] <<< [apiv2][body] GET https://firebase.googleapis.com/v1beta1/projects/keisungsw/webApps {"apps":[{"name":"projects/keisungsw/webApps/1:558624652514:web:ab16c3088bb6c0276bb2bb","appId":"1:558624652514:web:ab16c3088bb6c0276bb2bb","displayName":"qna-site","projectId":"keisungsw","webId":"YTg5YjEzMmMtOTUwMy00ZDkyLThkYTItMDk1ZjkyN2JiY2Rl","apiKeyId":"960c8bda-50f8-4721-a2fa-c7f02b8ece49","state":"ACTIVE","expireTime":"1970-01-01T00:00:00Z","etag":"1_bc77c2b2-9805-450b-aa3b-f7ca2923241e"}]}
[debug] [2026-02-03T05:59:45.218Z] No OAuth tokens found
[debug] [2026-02-03T05:59:45.218Z] >>> [apiv2][query] GET https://firebase.googleapis.com/v1beta1/projects/-/webApps/1:558624652514:web:ab16c3088bb6c0276bb2bb/config [none]
[debug] [2026-02-03T05:59:45.738Z] <<< [apiv2][status] GET https://firebase.googleapis.com/v1beta1/projects/-/webApps/1:558624652514:web:ab16c3088bb6c0276bb2bb/config 200
[debug] [2026-02-03T05:59:45.739Z] <<< [apiv2][body] GET https://firebase.googleapis.com/v1beta1/projects/-/webApps/1:558624652514:web:ab16c3088bb6c0276bb2bb/config {"projectId":"keisungsw","appId":"1:558624652514:web:ab16c3088bb6c0276bb2bb","storageBucket":"keisungsw.firebasestorage.app","apiKey":"AIzaSyDcFcSpNpJnghhgcJNDT3SLFDKZeVQ0s50","authDomain":"keisungsw.firebaseapp.com","messagingSenderId":"558624652514","projectNumber":"558624652514","version":"2"}
